<?xml version="1.0" encoding="UTF-8" ?>
<testsuite errors="1" failures="0" hostname="BE1AH639" name="test.MyMathTest" skipped="0" tests="1" time="0.053" timestamp="2017-10-18T09:48:15">
  <properties>
    <property name="ant.project.invoked-targets" value="main" />
    <property name="java.runtime.name" value="Java(TM) SE Runtime Environment" />
    <property name="sun.boot.library.path" value="C:\Program Files (x86)\Java\jdk8\jre\bin" />
    <property name="java.vm.version" value="25.101-b13" />
    <property name="ant.library.dir" value="C:\Users\A11893448\eclipse\plugins\org.apache.ant_1.10.1.v20170504-0840\lib" />
    <property name="ant.version" value="Apache Ant(TM) version 1.10.1 compiled on February 2 2017" />
    <property name="ant.java.version" value="1.8" />
    <property name="java.vm.vendor" value="Oracle Corporation" />
    <property name="java.vendor.url" value="http://java.oracle.com/" />
    <property name="path.separator" value=";" />
    <property name="java.vm.name" value="Java HotSpot(TM) Client VM" />
    <property name="file.encoding.pkg" value="sun.io" />
    <property name="user.script" value="" />
    <property name="user.country" value="DE" />
    <property name="sun.java.launcher" value="SUN_STANDARD" />
    <property name="sun.os.patch.level" value="Service Pack 1" />
    <property name="java.vm.specification.name" value="Java Virtual Machine Specification" />
    <property name="user.dir" value="C:\Users\A11893448\eclipse\workspace\de.vogella.build.ant.first" />
    <property name="java.runtime.version" value="1.8.0_101-b13" />
    <property name="java.awt.graphicsenv" value="sun.awt.Win32GraphicsEnvironment" />
    <property name="basedir" value="C:\Users\A11893448\eclipse\workspace\de.vogella.build.ant.first" />
    <property name="java.endorsed.dirs" value="C:\Program Files (x86)\Java\jdk8\jre\lib\endorsed" />
    <property name="os.arch" value="x86" />
    <property name="ant.project.default-target" value="main" />
    <property name="java.io.tmpdir" value="C:\Users\A11893~1\AppData\Local\Temp\" />
    <property name="ant.core.lib" value="C:\Users\A11893448\eclipse\plugins\org.apache.ant_1.10.1.v20170504-0840\lib\ant.jar" />
    <property name="line.separator" value="&#xd;&#xa;" />
    <property name="java.vm.specification.vendor" value="Oracle Corporation" />
    <property name="user.variant" value="" />
    <property name="os.name" value="Windows 7" />
    <property name="ant.home" value="C:\Users\A11893448\eclipse\plugins\org.apache.ant_1.10.1.v20170504-0840" />
    <property name="build.dir" value="C:\Users\A11893448\eclipse\workspace\de.vogella.build.ant.first\bin" />
    <property name="ant.project.name" value="Ant-Test" />
    <property name="sun.jnu.encoding" value="Cp1252" />
    <property name="java.library.path" value="C:\Program Files (x86)\Java\jdk8\jre\bin;C:\Windows\Sun\Java\bin;C:\Windows\system32;C:\Windows;C:/Program Files (x86)/Java/jre8/bin/client;C:/Program Files (x86)/Java/jre8/bin;C:/Program Files (x86)/Java/jre8/lib/i386;C:\Progs\Oracle\Client\11gR2\Base\Home\bin;C:\ProgramData\Oracle\Java\javapath;C:\Windows\system32;C:\Windows;C:\Windows\System32\Wbem;C:\Windows\System32\WindowsPowerShell\v1.0\;C:\Program Files (x86)\WebEx\Productivity Tools;C:\Program Files\TortoiseSVN\bin;C:\Program Files (x86)\Microsoft SQL Server\100\Tools\Binn\VSShell\Common7\IDE\;C:\Program Files (x86)\Microsoft SQL Server\100\Tools\Binn\;C:\Program Files\Microsoft SQL Server\100\Tools\Binn\;C:\Program Files (x86)\Microsoft SQL Server\100\DTS\Binn\;C:\Program Files (x86)\Microsoft Visual Studio 9.0\Common7\IDE\PrivateAssemblies\;C:\Program Files (x86)\Sennheiser\SoftphoneSDK\;C:\Users\A11893448\AppData\Roaming\Dashlane\4.8.9.37516\bin\Firefox_Extension\{442718d9-475e-452a-b3e1-fb1ee16b8e9f}\components;C:\Users\A11893448\AppData\Roaming\Dashlane\4.8.9.37516\ucrt;C:\Users\A11893448\eclipse;;." />
    <property name="ant.file.Ant-Test" value="C:\Users\A11893448\eclipse\workspace\de.vogella.build.ant.first\build.xml" />
    <property name="java.specification.name" value="Java Platform API Specification" />
    <property name="java.class.version" value="52.0" />
    <property name="test.report.dir" value="C:\Users\A11893448\eclipse\workspace\de.vogella.build.ant.first\testreport" />
    <property name="sun.management.compiler" value="HotSpot Client Compiler" />
    <property name="os.version" value="6.1" />
    <property name="ant.file" value="C:\Users\A11893448\eclipse\workspace\de.vogella.build.ant.first\build.xml" />
    <property name="user.home" value="C:\Users\A11893448" />
    <property name="user.timezone" value="" />
    <property name="java.awt.printerjob" value="sun.awt.windows.WPrinterJob" />
    <property name="java.specification.version" value="1.8" />
    <property name="file.encoding" value="Cp1252" />
    <property name="user.name" value="A11893448" />
    <property name="java.class.path" value="C:\Users\A11893448\eclipse\workspace\de.vogella.build.ant.first\lib\junit.jar;C:\Users\A11893448\eclipse\workspace\de.vogella.build.ant.first\bin;C:\Users\A11893448\eclipse\plugins\org.apache.ant_1.10.1.v20170504-0840\lib\ant-launcher.jar;C:\Users\A11893448\eclipse\plugins\org.apache.ant_1.10.1.v20170504-0840\lib\ant.jar;C:\Users\A11893448\eclipse\plugins\org.apache.ant_1.10.1.v20170504-0840\lib\ant-junit.jar;C:\Users\A11893448\eclipse\plugins\org.apache.ant_1.10.1.v20170504-0840\lib\ant-junit4.jar" />
    <property name="java.vm.specification.version" value="1.8" />
    <property name="java.home" value="C:\Program Files (x86)\Java\jdk8\jre" />
    <property name="sun.java.command" value="org.apache.tools.ant.taskdefs.optional.junit.JUnitTestRunner test.MyMathTest skipNonTests=false filtertrace=true haltOnError=false haltOnFailure=true formatter=org.apache.tools.ant.taskdefs.optional.junit.SummaryJUnitResultFormatter showoutput=false outputtoformatters=true logfailedtests=true threadid=0 logtestlistenerevents=false formatter=org.apache.tools.ant.taskdefs.optional.junit.XMLJUnitResultFormatter,C:\Users\A11893448\eclipse\workspace\de.vogella.build.ant.first\testreport\TEST-test.MyMathTest.xml crashfile=C:\Users\A11893448\eclipse\workspace\de.vogella.build.ant.first\junitvmwatcher211035717507101249.properties propsfile=C:\Users\A11893448\eclipse\workspace\de.vogella.build.ant.first\junit6372226685977364308.properties" />
    <property name="sun.arch.data.model" value="32" />
    <property name="java.specification.vendor" value="Oracle Corporation" />
    <property name="user.language" value="de" />
    <property name="awt.toolkit" value="sun.awt.windows.WToolkit" />
    <property name="java.vm.info" value="mixed mode, sharing" />
    <property name="test.dir" value="C:\Users\A11893448\eclipse\workspace\de.vogella.build.ant.first\src" />
    <property name="java.version" value="1.8.0_101" />
    <property name="java.ext.dirs" value="C:\Program Files (x86)\Java\jdk8\jre\lib\ext;C:\Windows\Sun\Java\lib\ext" />
    <property name="sun.boot.class.path" value="C:\Program Files (x86)\Java\jdk8\jre\lib\resources.jar;C:\Program Files (x86)\Java\jdk8\jre\lib\rt.jar;C:\Program Files (x86)\Java\jdk8\jre\lib\sunrsasign.jar;C:\Program Files (x86)\Java\jdk8\jre\lib\jsse.jar;C:\Program Files (x86)\Java\jdk8\jre\lib\jce.jar;C:\Program Files (x86)\Java\jdk8\jre\lib\charsets.jar;C:\Program Files (x86)\Java\jdk8\jre\lib\jfr.jar;C:\Program Files (x86)\Java\jdk8\jre\classes" />
    <property name="java.vendor" value="Oracle Corporation" />
    <property name="file.separator" value="\" />
    <property name="src.dir" value="C:\Users\A11893448\eclipse\workspace\de.vogella.build.ant.first\src" />
    <property name="java.vendor.url.bug" value="http://bugreport.sun.com/bugreport/" />
    <property name="sun.cpu.endian" value="little" />
    <property name="sun.io.unicode.encoding" value="UnicodeLittle" />
    <property name="ant.file.type.Ant-Test" value="file" />
    <property name="sun.desktop" value="windows" />
    <property name="sun.cpu.isalist" value="pentium_pro+mmx pentium_pro pentium+mmx pentium i486 i386 i86" />
  </properties>
  <testcase classname="test.MyMathTest" name="initializationError" time="0.004">
    <error message="org/hamcrest/SelfDescribing" type="java.lang.NoClassDefFoundError">java.lang.NoClassDefFoundError: org/hamcrest/SelfDescribing
	at java.lang.ClassLoader.defineClass1(Native Method)
	at java.lang.ClassLoader.defineClass(ClassLoader.java:763)
	at java.security.SecureClassLoader.defineClass(SecureClassLoader.java:142)
	at java.net.URLClassLoader.defineClass(URLClassLoader.java:467)
	at java.net.URLClassLoader.access$100(URLClassLoader.java:73)
	at java.net.URLClassLoader$1.run(URLClassLoader.java:368)
	at java.net.URLClassLoader$1.run(URLClassLoader.java:362)
	at java.security.AccessController.doPrivileged(Native Method)
	at java.net.URLClassLoader.findClass(URLClassLoader.java:361)
	at java.lang.ClassLoader.loadClass(ClassLoader.java:424)
	at sun.misc.Launcher$AppClassLoader.loadClass(Launcher.java:331)
	at java.lang.ClassLoader.loadClass(ClassLoader.java:357)
	at java.lang.reflect.Constructor.newInstance(Constructor.java:423)
Caused by: java.lang.ClassNotFoundException: org.hamcrest.SelfDescribing
	at java.net.URLClassLoader.findClass(URLClassLoader.java:381)
	at java.lang.ClassLoader.loadClass(ClassLoader.java:424)
	at sun.misc.Launcher$AppClassLoader.loadClass(Launcher.java:331)
	at java.lang.ClassLoader.loadClass(ClassLoader.java:357)
</error>
  </testcase>
  <system-out><![CDATA[]]></system-out>
  <system-err><![CDATA[]]></system-err>
</testsuite>
